<?xml version="1.0" encoding="UTF-8"?>
<!-- Generated by org.testng.reporters.JUnitReportReporter -->
<testsuite hostname="DESKTOP-07J22P1" failures="0" tests="3" name="practiceComCast.createContactsTest" time="187.081" errors="0" timestamp="2024-05-23T23:41:17 IST" skipped="0">
  <testcase classname="practiceComCast.createContactsTest" name="createContactTest" time="56.003"/>
  <testcase classname="practiceComCast.createContactsTest" name="createContactsWithOrganizationTest" time="83.756"/>
  <testcase classname="practiceComCast.createContactsTest" name="createContactWithStartDate" time="47.322"/>
</testsuite> <!-- practiceComCast.createContactsTest -->
