<?xml version="1.0" encoding="UTF-8"?>
<!-- Generated by org.testng.reporters.JUnitReportReporter -->
<testsuite hostname="DESKTOP-07J22P1" failures="0" tests="2" name="pack1.ConcastTest" time="0.025" errors="0" timestamp="2024-05-23T23:44:12 IST" skipped="0">
  <testcase classname="pack1.ConcastTest" name="modifyContactTest" time="0.018"/>
  <testcase classname="pack1.ConcastTest" name="createContactTest" time="0.007"/>
</testsuite> <!-- pack1.ConcastTest -->
