<?xml version="1.0" encoding="UTF-8"?>
<!-- Generated by org.testng.reporters.JUnitReportReporter -->
<testsuite hostname="DESKTOP-07J22P1" failures="0" tests="2" name="pack2.CreateOrgTest" time="0.039" errors="0" timestamp="2024-05-23T23:44:12 IST" skipped="0">
  <testcase classname="pack2.CreateOrgTest" name="createOrgTest" time="0.032"/>
  <testcase classname="pack2.CreateOrgTest" name="modifyOrgTest" time="0.007"/>
</testsuite> <!-- pack2.CreateOrgTest -->
